{"F:\\Downloads\\Avatar_backend-6c5f67542a9313dc14ce500c59995ced5428e94e\\Avatar_backend-6c5f67542a9313dc14ce500c59995ced5428e94e\\app.js": {"path":"F:\\Downloads\\Avatar_backend-6c5f67542a9313dc14ce500c59995ced5428e94e\\Avatar_backend-6c5f67542a9313dc14ce500c59995ced5428e94e\\app.js","statementMap":{"0":{"start":{"line":1,"column":16},"end":{"line":1,"column":34}},"1":{"start":{"line":2,"column":15},"end":{"line":2,"column":32}},"2":{"start":{"line":3,"column":15},"end":{"line":3,"column":32}},"3":{"start":{"line":4,"column":13},"end":{"line":4,"column":28}},"4":{"start":{"line":5,"column":19},"end":{"line":5,"column":44}},"5":{"start":{"line":6,"column":21},"end":{"line":6,"column":47}},"6":{"start":{"line":7,"column":20},"end":{"line":7,"column":46}},"7":{"start":{"line":9,"column":0},"end":{"line":9,"column":16}},"8":{"start":{"line":10,"column":12},"end":{"line":10,"column":21}},"9":{"start":{"line":11,"column":0},"end":{"line":11,"column":28}},"10":{"start":{"line":14,"column":0},"end":{"line":14,"column":23}},"11":{"start":{"line":15,"column":0},"end":{"line":15,"column":24}},"12":{"start":{"line":16,"column":0},"end":{"line":16,"column":16}},"13":{"start":{"line":17,"column":0},"end":{"line":17,"column":32}},"14":{"start":{"line":18,"column":0},"end":{"line":18,"column":34}},"15":{"start":{"line":19,"column":0},"end":{"line":19,"column":33}},"16":{"start":{"line":21,"column":13},"end":{"line":21,"column":37}},"17":{"start":{"line":22,"column":0},"end":{"line":24,"column":3}},"18":{"start":{"line":23,"column":2},"end":{"line":23,"column":59}},"19":{"start":{"line":26,"column":0},"end":{"line":26,"column":21}}},"fnMap":{"0":{"name":"(anonymous_0)","decl":{"start":{"line":22,"column":17},"end":{"line":22,"column":18}},"loc":{"start":{"line":22,"column":23},"end":{"line":24,"column":1}},"line":22}},"branchMap":{"0":{"loc":{"start":{"line":21,"column":13},"end":{"line":21,"column":37}},"type":"binary-expr","locations":[{"start":{"line":21,"column":13},"end":{"line":21,"column":29}},{"start":{"line":21,"column":33},"end":{"line":21,"column":37}}],"line":21}},"s":{"0":1,"1":1,"2":1,"3":1,"4":1,"5":1,"6":1,"7":1,"8":1,"9":1,"10":1,"11":1,"12":1,"13":1,"14":1,"15":1,"16":1,"17":1,"18":1,"19":1},"f":{"0":1},"b":{"0":[1,0]},"_coverageSchema":"1a1c01bbd47fc00a2c39e90264f33305004495a9","hash":"126f56d69a1e85e02d6a0e54115f7a3d7c859f27"}
,"F:\\Downloads\\Avatar_backend-6c5f67542a9313dc14ce500c59995ced5428e94e\\Avatar_backend-6c5f67542a9313dc14ce500c59995ced5428e94e\\controllers\\crypto.js": {"path":"F:\\Downloads\\Avatar_backend-6c5f67542a9313dc14ce500c59995ced5428e94e\\Avatar_backend-6c5f67542a9313dc14ce500c59995ced5428e94e\\controllers\\crypto.js","statementMap":{"0":{"start":{"line":1,"column":14},"end":{"line":1,"column":30}},"1":{"start":{"line":2,"column":24},"end":{"line":2,"column":42}},"2":{"start":{"line":3,"column":15},"end":{"line":3,"column":32}},"3":{"start":{"line":4,"column":0},"end":{"line":4,"column":16}},"4":{"start":{"line":6,"column":15},"end":{"line":6,"column":53}},"5":{"start":{"line":8,"column":0},"end":{"line":11,"column":36}},"6":{"start":{"line":10,"column":14},"end":{"line":10,"column":38}},"7":{"start":{"line":11,"column":18},"end":{"line":11,"column":34}},"8":{"start":{"line":13,"column":17},"end":{"line":13,"column":36}},"9":{"start":{"line":15,"column":19},"end":{"line":15,"column":49}},"10":{"start":{"line":17,"column":36},"end":{"line":39,"column":1}},"11":{"start":{"line":18,"column":2},"end":{"line":38,"column":3}},"12":{"start":{"line":19,"column":21},"end":{"line":27,"column":6}},"13":{"start":{"line":29,"column":34},"end":{"line":29,"column":47}},"14":{"start":{"line":30,"column":19},"end":{"line":30,"column":85}},"15":{"start":{"line":32,"column":4},"end":{"line":34,"column":7}},"16":{"start":{"line":33,"column":6},"end":{"line":33,"column":87}},"17":{"start":{"line":35,"column":4},"end":{"line":35,"column":39}},"18":{"start":{"line":37,"column":4},"end":{"line":37,"column":79}},"19":{"start":{"line":41,"column":22},"end":{"line":44,"column":1}},"20":{"start":{"line":42,"column":16},"end":{"line":42,"column":70}},"21":{"start":{"line":43,"column":2},"end":{"line":43,"column":18}},"22":{"start":{"line":46,"column":21},"end":{"line":61,"column":1}},"23":{"start":{"line":47,"column":21},"end":{"line":47,"column":36}},"24":{"start":{"line":48,"column":2},"end":{"line":60,"column":3}},"25":{"start":{"line":49,"column":25},"end":{"line":49,"column":57}},"26":{"start":{"line":50,"column":18},"end":{"line":55,"column":16}},"27":{"start":{"line":56,"column":4},"end":{"line":56,"column":72}},"28":{"start":{"line":56,"column":28},"end":{"line":56,"column":72}},"29":{"start":{"line":57,"column":4},"end":{"line":57,"column":20}},"30":{"start":{"line":59,"column":4},"end":{"line":59,"column":49}},"31":{"start":{"line":63,"column":26},"end":{"line":75,"column":1}},"32":{"start":{"line":64,"column":2},"end":{"line":74,"column":3}},"33":{"start":{"line":65,"column":18},"end":{"line":70,"column":16}},"34":{"start":{"line":71,"column":4},"end":{"line":71,"column":20}},"35":{"start":{"line":73,"column":4},"end":{"line":73,"column":41}},"36":{"start":{"line":77,"column":0},"end":{"line":77,"column":68}},"37":{"start":{"line":79,"column":0},"end":{"line":79,"column":49}}},"fnMap":{"0":{"name":"(anonymous_0)","decl":{"start":{"line":10,"column":8},"end":{"line":10,"column":9}},"loc":{"start":{"line":10,"column":14},"end":{"line":10,"column":38}},"line":10},"1":{"name":"(anonymous_1)","decl":{"start":{"line":11,"column":9},"end":{"line":11,"column":10}},"loc":{"start":{"line":11,"column":18},"end":{"line":11,"column":34}},"line":11},"2":{"name":"(anonymous_2)","decl":{"start":{"line":17,"column":36},"end":{"line":17,"column":37}},"loc":{"start":{"line":17,"column":48},"end":{"line":39,"column":1}},"line":17},"3":{"name":"(anonymous_3)","decl":{"start":{"line":32,"column":34},"end":{"line":32,"column":35}},"loc":{"start":{"line":32,"column":53},"end":{"line":34,"column":5}},"line":32},"4":{"name":"(anonymous_4)","decl":{"start":{"line":41,"column":22},"end":{"line":41,"column":23}},"loc":{"start":{"line":41,"column":42},"end":{"line":44,"column":1}},"line":41},"5":{"name":"(anonymous_5)","decl":{"start":{"line":46,"column":21},"end":{"line":46,"column":22}},"loc":{"start":{"line":46,"column":41},"end":{"line":61,"column":1}},"line":46},"6":{"name":"(anonymous_6)","decl":{"start":{"line":63,"column":26},"end":{"line":63,"column":27}},"loc":{"start":{"line":63,"column":46},"end":{"line":75,"column":1}},"line":63}},"branchMap":{"0":{"loc":{"start":{"line":56,"column":4},"end":{"line":56,"column":72}},"type":"if","locations":[{"start":{"line":56,"column":4},"end":{"line":56,"column":72}},{"start":{},"end":{}}],"line":56}},"s":{"0":1,"1":1,"2":1,"3":1,"4":1,"5":1,"6":1,"7":0,"8":1,"9":1,"10":1,"11":0,"12":0,"13":0,"14":0,"15":0,"16":0,"17":0,"18":0,"19":1,"20":3,"21":3,"22":1,"23":6,"24":6,"25":6,"26":6,"27":6,"28":3,"29":3,"30":3,"31":1,"32":4,"33":4,"34":4,"35":0,"36":1,"37":1},"f":{"0":1,"1":0,"2":0,"3":0,"4":3,"5":6,"6":4},"b":{"0":[3,3]},"_coverageSchema":"1a1c01bbd47fc00a2c39e90264f33305004495a9","hash":"dc6be9816d367065187a651f5e2f390139ed9e4d"}
,"F:\\Downloads\\Avatar_backend-6c5f67542a9313dc14ce500c59995ced5428e94e\\Avatar_backend-6c5f67542a9313dc14ce500c59995ced5428e94e\\controllers\\offers.js": {"path":"F:\\Downloads\\Avatar_backend-6c5f67542a9313dc14ce500c59995ced5428e94e\\Avatar_backend-6c5f67542a9313dc14ce500c59995ced5428e94e\\controllers\\offers.js","statementMap":{"0":{"start":{"line":1,"column":24},"end":{"line":1,"column":42}},"1":{"start":{"line":2,"column":15},"end":{"line":2,"column":32}},"2":{"start":{"line":3,"column":0},"end":{"line":3,"column":16}},"3":{"start":{"line":5,"column":15},"end":{"line":5,"column":53}},"4":{"start":{"line":7,"column":0},"end":{"line":10,"column":36}},"5":{"start":{"line":9,"column":14},"end":{"line":9,"column":38}},"6":{"start":{"line":10,"column":18},"end":{"line":10,"column":34}},"7":{"start":{"line":12,"column":17},"end":{"line":12,"column":36}},"8":{"start":{"line":14,"column":18},"end":{"line":14,"column":47}},"9":{"start":{"line":17,"column":21},"end":{"line":20,"column":1}},"10":{"start":{"line":18,"column":16},"end":{"line":18,"column":95}},"11":{"start":{"line":19,"column":2},"end":{"line":19,"column":30}},"12":{"start":{"line":23,"column":17},"end":{"line":76,"column":1}},"13":{"start":{"line":24,"column":18},"end":{"line":24,"column":26}},"14":{"start":{"line":25,"column":2},"end":{"line":75,"column":3}},"15":{"start":{"line":26,"column":4},"end":{"line":29,"column":5}},"16":{"start":{"line":27,"column":6},"end":{"line":27,"column":22}},"17":{"start":{"line":28,"column":6},"end":{"line":28,"column":54}},"18":{"start":{"line":31,"column":20},"end":{"line":31,"column":79}},"19":{"start":{"line":32,"column":4},"end":{"line":32,"column":25}},"20":{"start":{"line":34,"column":21},"end":{"line":34,"column":39}},"21":{"start":{"line":35,"column":4},"end":{"line":38,"column":5}},"22":{"start":{"line":36,"column":6},"end":{"line":36,"column":22}},"23":{"start":{"line":37,"column":6},"end":{"line":37,"column":55}},"24":{"start":{"line":40,"column":25},"end":{"line":44,"column":5}},"25":{"start":{"line":45,"column":4},"end":{"line":45,"column":28}},"26":{"start":{"line":46,"column":22},"end":{"line":46,"column":41}},"27":{"start":{"line":48,"column":21},"end":{"line":48,"column":49}},"28":{"start":{"line":49,"column":23},"end":{"line":49,"column":76}},"29":{"start":{"line":50,"column":22},"end":{"line":50,"column":77}},"30":{"start":{"line":51,"column":4},"end":{"line":51,"column":40}},"31":{"start":{"line":53,"column":25},"end":{"line":53,"column":52}},"32":{"start":{"line":54,"column":17},"end":{"line":54,"column":36}},"33":{"start":{"line":55,"column":23},"end":{"line":55,"column":43}},"34":{"start":{"line":56,"column":29},"end":{"line":56,"column":85}},"35":{"start":{"line":57,"column":22},"end":{"line":57,"column":41}},"36":{"start":{"line":58,"column":28},"end":{"line":58,"column":82}},"37":{"start":{"line":60,"column":26},"end":{"line":64,"column":5}},"38":{"start":{"line":65,"column":25},"end":{"line":69,"column":5}},"39":{"start":{"line":71,"column":4},"end":{"line":71,"column":46}},"40":{"start":{"line":72,"column":4},"end":{"line":72,"column":77}},"41":{"start":{"line":74,"column":4},"end":{"line":74,"column":37}},"42":{"start":{"line":78,"column":27},"end":{"line":90,"column":1}},"43":{"start":{"line":79,"column":16},"end":{"line":79,"column":28}},"44":{"start":{"line":80,"column":2},"end":{"line":88,"column":3}},"45":{"start":{"line":80,"column":15},"end":{"line":80,"column":16}},"46":{"start":{"line":81,"column":4},"end":{"line":87,"column":5}},"47":{"start":{"line":82,"column":6},"end":{"line":82,"column":34}},"48":{"start":{"line":83,"column":6},"end":{"line":85,"column":7}},"49":{"start":{"line":84,"column":8},"end":{"line":84,"column":29}},"50":{"start":{"line":86,"column":6},"end":{"line":86,"column":12}},"51":{"start":{"line":89,"column":2},"end":{"line":89,"column":17}},"52":{"start":{"line":92,"column":26},"end":{"line":108,"column":1}},"53":{"start":{"line":93,"column":16},"end":{"line":93,"column":27}},"54":{"start":{"line":95,"column":20},"end":{"line":95,"column":25}},"55":{"start":{"line":96,"column":2},"end":{"line":102,"column":3}},"56":{"start":{"line":96,"column":15},"end":{"line":96,"column":16}},"57":{"start":{"line":97,"column":4},"end":{"line":101,"column":5}},"58":{"start":{"line":98,"column":6},"end":{"line":98,"column":34}},"59":{"start":{"line":99,"column":6},"end":{"line":99,"column":25}},"60":{"start":{"line":100,"column":6},"end":{"line":100,"column":12}},"61":{"start":{"line":104,"column":2},"end":{"line":106,"column":3}},"62":{"start":{"line":105,"column":4},"end":{"line":105,"column":61}},"63":{"start":{"line":107,"column":2},"end":{"line":107,"column":17}},"64":{"start":{"line":110,"column":0},"end":{"line":110,"column":44}}},"fnMap":{"0":{"name":"(anonymous_0)","decl":{"start":{"line":9,"column":8},"end":{"line":9,"column":9}},"loc":{"start":{"line":9,"column":14},"end":{"line":9,"column":38}},"line":9},"1":{"name":"(anonymous_1)","decl":{"start":{"line":10,"column":9},"end":{"line":10,"column":10}},"loc":{"start":{"line":10,"column":18},"end":{"line":10,"column":34}},"line":10},"2":{"name":"(anonymous_2)","decl":{"start":{"line":17,"column":21},"end":{"line":17,"column":22}},"loc":{"start":{"line":17,"column":41},"end":{"line":20,"column":1}},"line":17},"3":{"name":"(anonymous_3)","decl":{"start":{"line":23,"column":17},"end":{"line":23,"column":18}},"loc":{"start":{"line":23,"column":37},"end":{"line":76,"column":1}},"line":23},"4":{"name":"(anonymous_4)","decl":{"start":{"line":78,"column":27},"end":{"line":78,"column":28}},"loc":{"start":{"line":78,"column":69},"end":{"line":90,"column":1}},"line":78},"5":{"name":"(anonymous_5)","decl":{"start":{"line":92,"column":26},"end":{"line":92,"column":27}},"loc":{"start":{"line":92,"column":67},"end":{"line":108,"column":1}},"line":92}},"branchMap":{"0":{"loc":{"start":{"line":26,"column":4},"end":{"line":29,"column":5}},"type":"if","locations":[{"start":{"line":26,"column":4},"end":{"line":29,"column":5}},{"start":{},"end":{}}],"line":26},"1":{"loc":{"start":{"line":26,"column":8},"end":{"line":26,"column":78}},"type":"binary-expr","locations":[{"start":{"line":26,"column":8},"end":{"line":26,"column":28}},{"start":{"line":26,"column":32},"end":{"line":26,"column":53}},{"start":{"line":26,"column":57},"end":{"line":26,"column":78}}],"line":26},"2":{"loc":{"start":{"line":35,"column":4},"end":{"line":38,"column":5}},"type":"if","locations":[{"start":{"line":35,"column":4},"end":{"line":38,"column":5}},{"start":{},"end":{}}],"line":35},"3":{"loc":{"start":{"line":51,"column":11},"end":{"line":51,"column":36}},"type":"binary-expr","locations":[{"start":{"line":51,"column":11},"end":{"line":51,"column":22}},{"start":{"line":51,"column":26},"end":{"line":51,"column":36}}],"line":51},"4":{"loc":{"start":{"line":71,"column":11},"end":{"line":71,"column":42}},"type":"binary-expr","locations":[{"start":{"line":71,"column":11},"end":{"line":71,"column":25}},{"start":{"line":71,"column":29},"end":{"line":71,"column":42}}],"line":71},"5":{"loc":{"start":{"line":81,"column":4},"end":{"line":87,"column":5}},"type":"if","locations":[{"start":{"line":81,"column":4},"end":{"line":87,"column":5}},{"start":{},"end":{}}],"line":81},"6":{"loc":{"start":{"line":83,"column":6},"end":{"line":85,"column":7}},"type":"if","locations":[{"start":{"line":83,"column":6},"end":{"line":85,"column":7}},{"start":{},"end":{}}],"line":83},"7":{"loc":{"start":{"line":97,"column":4},"end":{"line":101,"column":5}},"type":"if","locations":[{"start":{"line":97,"column":4},"end":{"line":101,"column":5}},{"start":{},"end":{}}],"line":97},"8":{"loc":{"start":{"line":104,"column":2},"end":{"line":106,"column":3}},"type":"if","locations":[{"start":{"line":104,"column":2},"end":{"line":106,"column":3}},{"start":{},"end":{}}],"line":104}},"s":{"0":1,"1":1,"2":1,"3":1,"4":1,"5":1,"6":0,"7":1,"8":1,"9":1,"10":4,"11":4,"12":1,"13":0,"14":0,"15":0,"16":0,"17":0,"18":0,"19":0,"20":0,"21":0,"22":0,"23":0,"24":0,"25":0,"26":0,"27":0,"28":0,"29":0,"30":0,"31":0,"32":0,"33":0,"34":0,"35":0,"36":0,"37":0,"38":0,"39":0,"40":0,"41":0,"42":1,"43":0,"44":0,"45":0,"46":0,"47":0,"48":0,"49":0,"50":0,"51":0,"52":1,"53":0,"54":0,"55":0,"56":0,"57":0,"58":0,"59":0,"60":0,"61":0,"62":0,"63":0,"64":1},"f":{"0":1,"1":0,"2":4,"3":0,"4":0,"5":0},"b":{"0":[0,0],"1":[0,0,0],"2":[0,0],"3":[0,0],"4":[0,0],"5":[0,0],"6":[0,0],"7":[0,0],"8":[0,0]},"_coverageSchema":"1a1c01bbd47fc00a2c39e90264f33305004495a9","hash":"9fb4add60744f5da1aa46a2b25f56cf4fcfd8a45"}
,"F:\\Downloads\\Avatar_backend-6c5f67542a9313dc14ce500c59995ced5428e94e\\Avatar_backend-6c5f67542a9313dc14ce500c59995ced5428e94e\\controllers\\users.js": {"path":"F:\\Downloads\\Avatar_backend-6c5f67542a9313dc14ce500c59995ced5428e94e\\Avatar_backend-6c5f67542a9313dc14ce500c59995ced5428e94e\\controllers\\users.js","statementMap":{"0":{"start":{"line":1,"column":24},"end":{"line":1,"column":42}},"1":{"start":{"line":2,"column":15},"end":{"line":2,"column":32}},"2":{"start":{"line":3,"column":0},"end":{"line":3,"column":16}},"3":{"start":{"line":5,"column":15},"end":{"line":5,"column":53}},"4":{"start":{"line":7,"column":0},"end":{"line":10,"column":36}},"5":{"start":{"line":9,"column":14},"end":{"line":9,"column":38}},"6":{"start":{"line":10,"column":18},"end":{"line":10,"column":34}},"7":{"start":{"line":12,"column":17},"end":{"line":12,"column":36}},"8":{"start":{"line":14,"column":17},"end":{"line":14,"column":45}},"9":{"start":{"line":16,"column":17},"end":{"line":19,"column":1}},"10":{"start":{"line":17,"column":17},"end":{"line":17,"column":50}},"11":{"start":{"line":18,"column":2},"end":{"line":18,"column":31}},"12":{"start":{"line":21,"column":18},"end":{"line":38,"column":1}},"13":{"start":{"line":22,"column":24},"end":{"line":22,"column":40}},"14":{"start":{"line":23,"column":2},"end":{"line":37,"column":3}},"15":{"start":{"line":24,"column":4},"end":{"line":24,"column":76}},"16":{"start":{"line":24,"column":24},"end":{"line":24,"column":76}},"17":{"start":{"line":26,"column":23},"end":{"line":26,"column":59}},"18":{"start":{"line":28,"column":17},"end":{"line":28,"column":81}},"19":{"start":{"line":30,"column":4},"end":{"line":30,"column":61}},"20":{"start":{"line":30,"column":27},"end":{"line":30,"column":61}},"21":{"start":{"line":32,"column":4},"end":{"line":32,"column":19}},"22":{"start":{"line":34,"column":4},"end":{"line":36,"column":7}},"23":{"start":{"line":40,"column":17},"end":{"line":55,"column":1}},"24":{"start":{"line":41,"column":2},"end":{"line":54,"column":3}},"25":{"start":{"line":42,"column":20},"end":{"line":42,"column":28}},"26":{"start":{"line":44,"column":4},"end":{"line":44,"column":103}},"27":{"start":{"line":44,"column":55},"end":{"line":44,"column":103}},"28":{"start":{"line":45,"column":4},"end":{"line":45,"column":24}},"29":{"start":{"line":46,"column":4},"end":{"line":46,"column":24}},"30":{"start":{"line":47,"column":21},"end":{"line":47,"column":54}},"31":{"start":{"line":49,"column":4},"end":{"line":49,"column":35}},"32":{"start":{"line":51,"column":4},"end":{"line":53,"column":7}},"33":{"start":{"line":57,"column":23},"end":{"line":82,"column":1}},"34":{"start":{"line":58,"column":24},"end":{"line":58,"column":40}},"35":{"start":{"line":59,"column":2},"end":{"line":81,"column":3}},"36":{"start":{"line":60,"column":4},"end":{"line":60,"column":83}},"37":{"start":{"line":60,"column":24},"end":{"line":60,"column":83}},"38":{"start":{"line":62,"column":23},"end":{"line":62,"column":59}},"39":{"start":{"line":64,"column":20},"end":{"line":64,"column":84}},"40":{"start":{"line":66,"column":4},"end":{"line":66,"column":64}},"41":{"start":{"line":66,"column":30},"end":{"line":66,"column":64}},"42":{"start":{"line":68,"column":4},"end":{"line":68,"column":30}},"43":{"start":{"line":70,"column":17},"end":{"line":73,"column":16}},"44":{"start":{"line":76,"column":4},"end":{"line":76,"column":19}},"45":{"start":{"line":78,"column":4},"end":{"line":80,"column":7}},"46":{"start":{"line":84,"column":22},"end":{"line":127,"column":1}},"47":{"start":{"line":85,"column":21},"end":{"line":85,"column":51}},"48":{"start":{"line":86,"column":24},"end":{"line":91,"column":14}},"49":{"start":{"line":93,"column":21},"end":{"line":96,"column":14}},"50":{"start":{"line":98,"column":2},"end":{"line":98,"column":42}},"51":{"start":{"line":100,"column":19},"end":{"line":100,"column":20}},"52":{"start":{"line":101,"column":15},"end":{"line":101,"column":35}},"53":{"start":{"line":102,"column":21},"end":{"line":102,"column":41}},"54":{"start":{"line":103,"column":21},"end":{"line":103,"column":54}},"55":{"start":{"line":105,"column":2},"end":{"line":115,"column":3}},"56":{"start":{"line":105,"column":15},"end":{"line":105,"column":16}},"57":{"start":{"line":106,"column":4},"end":{"line":114,"column":5}},"58":{"start":{"line":106,"column":17},"end":{"line":106,"column":18}},"59":{"start":{"line":107,"column":6},"end":{"line":113,"column":7}},"60":{"start":{"line":108,"column":26},"end":{"line":108,"column":66}},"61":{"start":{"line":109,"column":8},"end":{"line":109,"column":34}},"62":{"start":{"line":110,"column":8},"end":{"line":110,"column":44}},"63":{"start":{"line":111,"column":8},"end":{"line":111,"column":58}},"64":{"start":{"line":112,"column":8},"end":{"line":112,"column":14}},"65":{"start":{"line":117,"column":2},"end":{"line":126,"column":3}},"66":{"start":{"line":118,"column":17},"end":{"line":122,"column":5}},"67":{"start":{"line":123,"column":4},"end":{"line":123,"column":20}},"68":{"start":{"line":125,"column":4},"end":{"line":125,"column":88}},"69":{"start":{"line":129,"column":0},"end":{"line":129,"column":67}}},"fnMap":{"0":{"name":"(anonymous_0)","decl":{"start":{"line":9,"column":8},"end":{"line":9,"column":9}},"loc":{"start":{"line":9,"column":14},"end":{"line":9,"column":38}},"line":9},"1":{"name":"(anonymous_1)","decl":{"start":{"line":10,"column":9},"end":{"line":10,"column":10}},"loc":{"start":{"line":10,"column":18},"end":{"line":10,"column":34}},"line":10},"2":{"name":"(anonymous_2)","decl":{"start":{"line":16,"column":17},"end":{"line":16,"column":18}},"loc":{"start":{"line":16,"column":37},"end":{"line":19,"column":1}},"line":16},"3":{"name":"(anonymous_3)","decl":{"start":{"line":21,"column":18},"end":{"line":21,"column":19}},"loc":{"start":{"line":21,"column":38},"end":{"line":38,"column":1}},"line":21},"4":{"name":"(anonymous_4)","decl":{"start":{"line":40,"column":17},"end":{"line":40,"column":18}},"loc":{"start":{"line":40,"column":37},"end":{"line":55,"column":1}},"line":40},"5":{"name":"(anonymous_5)","decl":{"start":{"line":57,"column":23},"end":{"line":57,"column":24}},"loc":{"start":{"line":57,"column":43},"end":{"line":82,"column":1}},"line":57},"6":{"name":"(anonymous_6)","decl":{"start":{"line":84,"column":22},"end":{"line":84,"column":23}},"loc":{"start":{"line":84,"column":47},"end":{"line":127,"column":1}},"line":84}},"branchMap":{"0":{"loc":{"start":{"line":24,"column":4},"end":{"line":24,"column":76}},"type":"if","locations":[{"start":{"line":24,"column":4},"end":{"line":24,"column":76}},{"start":{},"end":{}}],"line":24},"1":{"loc":{"start":{"line":30,"column":4},"end":{"line":30,"column":61}},"type":"if","locations":[{"start":{"line":30,"column":4},"end":{"line":30,"column":61}},{"start":{},"end":{}}],"line":30},"2":{"loc":{"start":{"line":44,"column":4},"end":{"line":44,"column":103}},"type":"if","locations":[{"start":{"line":44,"column":4},"end":{"line":44,"column":103}},{"start":{},"end":{}}],"line":44},"3":{"loc":{"start":{"line":44,"column":8},"end":{"line":44,"column":53}},"type":"binary-expr","locations":[{"start":{"line":44,"column":8},"end":{"line":44,"column":28}},{"start":{"line":44,"column":32},"end":{"line":44,"column":53}}],"line":44},"4":{"loc":{"start":{"line":60,"column":4},"end":{"line":60,"column":83}},"type":"if","locations":[{"start":{"line":60,"column":4},"end":{"line":60,"column":83}},{"start":{},"end":{}}],"line":60},"5":{"loc":{"start":{"line":66,"column":4},"end":{"line":66,"column":64}},"type":"if","locations":[{"start":{"line":66,"column":4},"end":{"line":66,"column":64}},{"start":{},"end":{}}],"line":66},"6":{"loc":{"start":{"line":98,"column":9},"end":{"line":98,"column":38}},"type":"binary-expr","locations":[{"start":{"line":98,"column":9},"end":{"line":98,"column":23}},{"start":{"line":98,"column":27},"end":{"line":98,"column":38}}],"line":98},"7":{"loc":{"start":{"line":107,"column":6},"end":{"line":113,"column":7}},"type":"if","locations":[{"start":{"line":107,"column":6},"end":{"line":113,"column":7}},{"start":{},"end":{}}],"line":107},"8":{"loc":{"start":{"line":107,"column":10},"end":{"line":107,"column":88}},"type":"binary-expr","locations":[{"start":{"line":107,"column":10},"end":{"line":107,"column":50}},{"start":{"line":107,"column":54},"end":{"line":107,"column":88}}],"line":107}},"s":{"0":1,"1":1,"2":1,"3":1,"4":1,"5":1,"6":0,"7":1,"8":1,"9":1,"10":3,"11":3,"12":1,"13":11,"14":11,"15":11,"16":2,"17":9,"18":9,"19":9,"20":3,"21":6,"22":5,"23":1,"24":0,"25":0,"26":0,"27":0,"28":0,"29":0,"30":0,"31":0,"32":0,"33":1,"34":7,"35":7,"36":7,"37":0,"38":7,"39":7,"40":7,"41":3,"42":4,"43":4,"44":4,"45":3,"46":1,"47":4,"48":4,"49":4,"50":4,"51":4,"52":4,"53":4,"54":4,"55":4,"56":4,"57":22,"58":22,"59":123,"60":22,"61":22,"62":22,"63":22,"64":22,"65":4,"66":4,"67":4,"68":0,"69":1},"f":{"0":1,"1":0,"2":3,"3":11,"4":0,"5":7,"6":4},"b":{"0":[2,9],"1":[3,6],"2":[0,0],"3":[0,0],"4":[0,7],"5":[3,4],"6":[4,0],"7":[22,101],"8":[123,22]},"_coverageSchema":"1a1c01bbd47fc00a2c39e90264f33305004495a9","hash":"719857db45699358ed129046b0bfac7476df22de"}
,"F:\\Downloads\\Avatar_backend-6c5f67542a9313dc14ce500c59995ced5428e94e\\Avatar_backend-6c5f67542a9313dc14ce500c59995ced5428e94e\\routes\\crypto.js": {"path":"F:\\Downloads\\Avatar_backend-6c5f67542a9313dc14ce500c59995ced5428e94e\\Avatar_backend-6c5f67542a9313dc14ce500c59995ced5428e94e\\routes\\crypto.js","statementMap":{"0":{"start":{"line":1,"column":16},"end":{"line":1,"column":48}},"1":{"start":{"line":2,"column":16},"end":{"line":2,"column":34}},"2":{"start":{"line":3,"column":15},"end":{"line":3,"column":31}},"3":{"start":{"line":6,"column":0},"end":{"line":6,"column":49}},"4":{"start":{"line":7,"column":0},"end":{"line":7,"column":58}},"5":{"start":{"line":8,"column":0},"end":{"line":8,"column":54}},"6":{"start":{"line":11,"column":0},"end":{"line":11,"column":28}}},"fnMap":{},"branchMap":{},"s":{"0":1,"1":1,"2":1,"3":1,"4":1,"5":1,"6":1},"f":{},"b":{},"_coverageSchema":"1a1c01bbd47fc00a2c39e90264f33305004495a9","hash":"be2af41dd5fe7927deeb61aa13da2ead3b409970"}
,"F:\\Downloads\\Avatar_backend-6c5f67542a9313dc14ce500c59995ced5428e94e\\Avatar_backend-6c5f67542a9313dc14ce500c59995ced5428e94e\\routes\\offers.js": {"path":"F:\\Downloads\\Avatar_backend-6c5f67542a9313dc14ce500c59995ced5428e94e\\Avatar_backend-6c5f67542a9313dc14ce500c59995ced5428e94e\\routes\\offers.js","statementMap":{"0":{"start":{"line":1,"column":15},"end":{"line":1,"column":47}},"1":{"start":{"line":2,"column":16},"end":{"line":2,"column":34}},"2":{"start":{"line":3,"column":15},"end":{"line":3,"column":31}},"3":{"start":{"line":6,"column":0},"end":{"line":6,"column":46}},"4":{"start":{"line":9,"column":0},"end":{"line":9,"column":47}},"5":{"start":{"line":11,"column":0},"end":{"line":11,"column":28}}},"fnMap":{},"branchMap":{},"s":{"0":1,"1":1,"2":1,"3":1,"4":1,"5":1},"f":{},"b":{},"_coverageSchema":"1a1c01bbd47fc00a2c39e90264f33305004495a9","hash":"8551dae4c977c32872fd5ae439d087d59d10b81d"}
,"F:\\Downloads\\Avatar_backend-6c5f67542a9313dc14ce500c59995ced5428e94e\\Avatar_backend-6c5f67542a9313dc14ce500c59995ced5428e94e\\routes\\users.js": {"path":"F:\\Downloads\\Avatar_backend-6c5f67542a9313dc14ce500c59995ced5428e94e\\Avatar_backend-6c5f67542a9313dc14ce500c59995ced5428e94e\\routes\\users.js","statementMap":{"0":{"start":{"line":1,"column":14},"end":{"line":1,"column":45}},"1":{"start":{"line":2,"column":16},"end":{"line":2,"column":34}},"2":{"start":{"line":3,"column":15},"end":{"line":3,"column":31}},"3":{"start":{"line":6,"column":0},"end":{"line":6,"column":40}},"4":{"start":{"line":7,"column":0},"end":{"line":7,"column":48}},"5":{"start":{"line":8,"column":0},"end":{"line":8,"column":60}},"6":{"start":{"line":11,"column":0},"end":{"line":11,"column":40}},"7":{"start":{"line":13,"column":0},"end":{"line":13,"column":28}}},"fnMap":{},"branchMap":{},"s":{"0":1,"1":1,"2":1,"3":1,"4":1,"5":1,"6":1,"7":1},"f":{},"b":{},"_coverageSchema":"1a1c01bbd47fc00a2c39e90264f33305004495a9","hash":"92cb00fc930011115144c989ff54b81e26314b12"}
}
