TN:
SF:app.js
FN:22,(anonymous_0)
FNF:1
FNH:1
FNDA:1,(anonymous_0)
DA:1,1
DA:2,1
DA:3,1
DA:4,1
DA:5,1
DA:6,1
DA:7,1
DA:9,1
DA:10,1
DA:11,1
DA:14,1
DA:15,1
DA:16,1
DA:17,1
DA:18,1
DA:19,1
DA:21,1
DA:22,1
DA:23,1
DA:26,1
LF:20
LH:20
BRDA:21,0,0,1
BRDA:21,0,1,0
BRF:2
BRH:1
end_of_record
TN:
SF:controllers\crypto.js
FN:10,(anonymous_0)
FN:11,(anonymous_1)
FN:17,(anonymous_2)
FN:32,(anonymous_3)
FN:41,(anonymous_4)
FN:46,(anonymous_5)
FN:63,(anonymous_6)
FNF:7
FNH:4
FNDA:1,(anonymous_0)
FNDA:0,(anonymous_1)
FNDA:0,(anonymous_2)
FNDA:0,(anonymous_3)
FNDA:3,(anonymous_4)
FNDA:6,(anonymous_5)
FNDA:4,(anonymous_6)
DA:1,1
DA:2,1
DA:3,1
DA:4,1
DA:6,1
DA:8,1
DA:10,1
DA:11,0
DA:13,1
DA:15,1
DA:17,1
DA:18,0
DA:19,0
DA:29,0
DA:30,0
DA:32,0
DA:33,0
DA:35,0
DA:37,0
DA:41,1
DA:42,3
DA:43,3
DA:46,1
DA:47,6
DA:48,6
DA:49,6
DA:50,6
DA:56,6
DA:57,3
DA:59,3
DA:63,1
DA:64,4
DA:65,4
DA:71,4
DA:73,0
DA:77,1
DA:79,1
LF:37
LH:27
BRDA:56,0,0,3
BRDA:56,0,1,3
BRF:2
BRH:2
end_of_record
TN:
SF:controllers\offers.js
FN:9,(anonymous_0)
FN:10,(anonymous_1)
FN:17,(anonymous_2)
FN:23,(anonymous_3)
FN:78,(anonymous_4)
FN:92,(anonymous_5)
FNF:6
FNH:2
FNDA:1,(anonymous_0)
FNDA:0,(anonymous_1)
FNDA:4,(anonymous_2)
FNDA:0,(anonymous_3)
FNDA:0,(anonymous_4)
FNDA:0,(anonymous_5)
DA:1,1
DA:2,1
DA:3,1
DA:5,1
DA:7,1
DA:9,1
DA:10,0
DA:12,1
DA:14,1
DA:17,1
DA:18,4
DA:19,4
DA:23,1
DA:24,0
DA:25,0
DA:26,0
DA:27,0
DA:28,0
DA:31,0
DA:32,0
DA:34,0
DA:35,0
DA:36,0
DA:37,0
DA:40,0
DA:45,0
DA:46,0
DA:48,0
DA:49,0
DA:50,0
DA:51,0
DA:53,0
DA:54,0
DA:55,0
DA:56,0
DA:57,0
DA:58,0
DA:60,0
DA:65,0
DA:71,0
DA:72,0
DA:74,0
DA:78,1
DA:79,0
DA:80,0
DA:81,0
DA:82,0
DA:83,0
DA:84,0
DA:86,0
DA:89,0
DA:92,1
DA:93,0
DA:95,0
DA:96,0
DA:97,0
DA:98,0
DA:99,0
DA:100,0
DA:104,0
DA:105,0
DA:107,0
DA:110,1
LF:63
LH:15
BRDA:26,0,0,0
BRDA:26,0,1,0
BRDA:26,1,0,0
BRDA:26,1,1,0
BRDA:26,1,2,0
BRDA:35,2,0,0
BRDA:35,2,1,0
BRDA:51,3,0,0
BRDA:51,3,1,0
BRDA:71,4,0,0
BRDA:71,4,1,0
BRDA:81,5,0,0
BRDA:81,5,1,0
BRDA:83,6,0,0
BRDA:83,6,1,0
BRDA:97,7,0,0
BRDA:97,7,1,0
BRDA:104,8,0,0
BRDA:104,8,1,0
BRF:19
BRH:0
end_of_record
TN:
SF:controllers\users.js
FN:9,(anonymous_0)
FN:10,(anonymous_1)
FN:16,(anonymous_2)
FN:21,(anonymous_3)
FN:40,(anonymous_4)
FN:57,(anonymous_5)
FN:84,(anonymous_6)
FNF:7
FNH:5
FNDA:1,(anonymous_0)
FNDA:0,(anonymous_1)
FNDA:3,(anonymous_2)
FNDA:11,(anonymous_3)
FNDA:0,(anonymous_4)
FNDA:7,(anonymous_5)
FNDA:4,(anonymous_6)
DA:1,1
DA:2,1
DA:3,1
DA:5,1
DA:7,1
DA:9,1
DA:10,0
DA:12,1
DA:14,1
DA:16,1
DA:17,3
DA:18,3
DA:21,1
DA:22,11
DA:23,11
DA:24,11
DA:26,9
DA:28,9
DA:30,9
DA:32,6
DA:34,5
DA:40,1
DA:41,0
DA:42,0
DA:44,0
DA:45,0
DA:46,0
DA:47,0
DA:49,0
DA:51,0
DA:57,1
DA:58,7
DA:59,7
DA:60,7
DA:62,7
DA:64,7
DA:66,7
DA:68,4
DA:70,4
DA:76,4
DA:78,3
DA:84,1
DA:85,4
DA:86,4
DA:93,4
DA:98,4
DA:100,4
DA:101,4
DA:102,4
DA:103,4
DA:105,4
DA:106,22
DA:107,123
DA:108,22
DA:109,22
DA:110,22
DA:111,22
DA:112,22
DA:117,4
DA:118,4
DA:123,4
DA:125,0
DA:129,1
LF:63
LH:53
BRDA:24,0,0,2
BRDA:24,0,1,9
BRDA:30,1,0,3
BRDA:30,1,1,6
BRDA:44,2,0,0
BRDA:44,2,1,0
BRDA:44,3,0,0
BRDA:44,3,1,0
BRDA:60,4,0,0
BRDA:60,4,1,7
BRDA:66,5,0,3
BRDA:66,5,1,4
BRDA:98,6,0,4
BRDA:98,6,1,0
BRDA:107,7,0,22
BRDA:107,7,1,101
BRDA:107,8,0,123
BRDA:107,8,1,22
BRF:18
BRH:12
end_of_record
TN:
SF:routes\crypto.js
FNF:0
FNH:0
DA:1,1
DA:2,1
DA:3,1
DA:6,1
DA:7,1
DA:8,1
DA:11,1
LF:7
LH:7
BRF:0
BRH:0
end_of_record
TN:
SF:routes\offers.js
FNF:0
FNH:0
DA:1,1
DA:2,1
DA:3,1
DA:6,1
DA:9,1
DA:11,1
LF:6
LH:6
BRF:0
BRH:0
end_of_record
TN:
SF:routes\users.js
FNF:0
FNH:0
DA:1,1
DA:2,1
DA:3,1
DA:6,1
DA:7,1
DA:8,1
DA:11,1
DA:13,1
LF:8
LH:8
BRF:0
BRH:0
end_of_record
